<?xml version="1.0" encoding="UTF-8"?>
<!-- Generated by org.testng.reporters.JUnitReportReporter -->
<testsuite skipped="0" hostname="LAPTOP-MB80RPKK" name="sanity.LoginPage" tests="2" failures="0" timestamp="2021-08-21T11:08:18 IST" time="0.009" errors="0">
  <testcase name="m4" time="0.000" classname="sanity.LoginPage"/>
  <system-out/>
  <testcase name="m1" time="0.009" classname="sanity.LoginPage"/>
  <system-out/>
</testsuite> <!-- sanity.LoginPage -->
